<?xml version="1.0" encoding="UTF-8"?>
<!-- Generated by org.testng.reporters.JUnitXMLReporter -->
<testsuite ignored="0" hostname="DESKTOP-QT8EHHC" failures="0" tests="1" name="Testrunner2" time="80.642" errors="0" timestamp="2023-04-17T21:11:41 IST">
  <testcase classname="GenericUtility.BaseClass" name="@BeforeClass BC" time="80.42">
    <failure type="org.openqa.selenium.WebDriverException" message="chrome not reachable
Build info: version: &amp;apos;3.141.59&amp;apos;, revision: &amp;apos;e82be7d358&amp;apos;, time: &amp;apos;2018-11-14T08:17:03&amp;apos;
System info: host: &amp;apos;DESKTOP-QT8EHHC&amp;apos;, ip: &amp;apos;192.168.235.120&amp;apos;, os.name: &amp;apos;Windows 10&amp;apos;, os.arch: &amp;apos;amd64&amp;apos;, os.version: &amp;apos;10.0&amp;apos;, java.version: &amp;apos;17.0.6&amp;apos;
Driver info: driver.version: ChromeDriver
remote stacktrace: Backtrace:
	GetHandleVerifier [0x0095DCE3+50899]
	(No symbol) [0x008EE111]
	(No symbol) [0x007F5450]
	(No symbol) [0x007EB2B5]
	(No symbol) [0x008151C8]
	(No symbol) [0x00811471]
	(No symbol) [0x0080F479]
	(No symbol) [0x00841FFE]
	(No symbol) [0x00841CEC]
	(No symbol) [0x0083B6F6]
	(No symbol) [0x00817708]
	(No symbol) [0x0081886D]
	GetHandleVerifier [0x00BC3EAE+2566302]
	GetHandleVerifier [0x00BF92B1+2784417]
	GetHandleVerifier [0x00BF327C+2759788]
	GetHandleVerifier [0x009F5740+672048]
	(No symbol) [0x008F8872]
	(No symbol) [0x008F41C8]
	(No symbol) [0x008F42AB]
	(No symbol) [0x008E71B7]
	BaseThreadInitThunk [0x760D6359+25]
	RtlGetAppContainerNamedObjectPath [0x77897A94+228]
	RtlGetAppContainerNamedObjectPath [0x77897A64+180]
">
      <![CDATA[org.openqa.selenium.WebDriverException: chrome not reachable
Build info: version: '3.141.59', revision: 'e82be7d358', time: '2018-11-14T08:17:03'
System info: host: 'DESKTOP-QT8EHHC', ip: '192.168.235.120', os.name: 'Windows 10', os.arch: 'amd64', os.version: '10.0', java.version: '17.0.6'
Driver info: driver.version: ChromeDriver
remote stacktrace: Backtrace:
GetHandleVerifier [0x0095DCE3+50899]
(No symbol) [0x008EE111]
(No symbol) [0x007F5450]
(No symbol) [0x007EB2B5]
(No symbol) [0x008151C8]
(No symbol) [0x00811471]
(No symbol) [0x0080F479]
(No symbol) [0x00841FFE]
(No symbol) [0x00841CEC]
(No symbol) [0x0083B6F6]
(No symbol) [0x00817708]
(No symbol) [0x0081886D]
GetHandleVerifier [0x00BC3EAE+2566302]
GetHandleVerifier [0x00BF92B1+2784417]
GetHandleVerifier [0x00BF327C+2759788]
GetHandleVerifier [0x009F5740+672048]
(No symbol) [0x008F8872]
(No symbol) [0x008F41C8]
(No symbol) [0x008F42AB]
(No symbol) [0x008E71B7]
BaseThreadInitThunk [0x760D6359+25]
RtlGetAppContainerNamedObjectPath [0x77897A94+228]
RtlGetAppContainerNamedObjectPath [0x77897A64+180]

at org.openqa.selenium.remote.W3CHandshakeResponse.lambda$errorHandler$0(W3CHandshakeResponse.java:62)
at org.openqa.selenium.remote.HandshakeResponse.lambda$getResponseFunction$0(HandshakeResponse.java:30)
at org.openqa.selenium.remote.ProtocolHandshake.lambda$createSession$0(ProtocolHandshake.java:126)
at java.base/java.util.stream.ReferencePipeline$3$1.accept(ReferencePipeline.java:197)
at java.base/java.util.Spliterators$ArraySpliterator.tryAdvance(Spliterators.java:1002)
at java.base/java.util.stream.ReferencePipeline.forEachWithCancel(ReferencePipeline.java:129)
at java.base/java.util.stream.AbstractPipeline.copyIntoWithCancel(AbstractPipeline.java:527)
at java.base/java.util.stream.AbstractPipeline.copyInto(AbstractPipeline.java:513)
at java.base/java.util.stream.AbstractPipeline.wrapAndCopyInto(AbstractPipeline.java:499)
at java.base/java.util.stream.FindOps$FindOp.evaluateSequential(FindOps.java:150)
at java.base/java.util.stream.AbstractPipeline.evaluate(AbstractPipeline.java:234)
at java.base/java.util.stream.ReferencePipeline.findFirst(ReferencePipeline.java:647)
at org.openqa.selenium.remote.ProtocolHandshake.createSession(ProtocolHandshake.java:128)
at org.openqa.selenium.remote.ProtocolHandshake.createSession(ProtocolHandshake.java:74)
at org.openqa.selenium.remote.HttpCommandExecutor.execute(HttpCommandExecutor.java:136)
at org.openqa.selenium.remote.service.DriverCommandExecutor.execute(DriverCommandExecutor.java:83)
at org.openqa.selenium.remote.RemoteWebDriver.execute(RemoteWebDriver.java:552)
at org.openqa.selenium.remote.RemoteWebDriver.startSession(RemoteWebDriver.java:213)
at org.openqa.selenium.remote.RemoteWebDriver.<init>(RemoteWebDriver.java:131)
at org.openqa.selenium.chrome.ChromeDriver.<init>(ChromeDriver.java:181)
at org.openqa.selenium.chrome.ChromeDriver.<init>(ChromeDriver.java:168)
at org.openqa.selenium.chrome.ChromeDriver.<init>(ChromeDriver.java:123)
at GenericUtility.BaseClass.BC(BaseClass.java:49)
at java.base/java.util.ArrayList.forEach(ArrayList.java:1511)
at java.base/java.util.concurrent.FutureTask.run(FutureTask.java:264)
at java.base/java.util.concurrent.ThreadPoolExecutor.runWorker(ThreadPoolExecutor.java:1136)
at java.base/java.util.concurrent.ThreadPoolExecutor$Worker.run(ThreadPoolExecutor.java:635)
at java.base/java.lang.Thread.run(Thread.java:833)
... Removed 21 stack frames]]>
    </failure>
  </testcase> <!-- @BeforeClass BC -->
  <testcase classname="GenericUtility.BaseClass" name="@BeforeMethod BM" time="-1.681746101394E9">
    <skipped/>
  </testcase> <!-- @BeforeMethod BM -->
  <testcase classname="GenericUtility.BaseClass" name="@AfterMethod AM" time="-1.681746101404E9">
    <skipped/>
  </testcase> <!-- @AfterMethod AM -->
  <testcase classname="GenericUtility.BaseClass" name="@AfterClass AC" time="-1.681746101474E9">
    <skipped/>
  </testcase> <!-- @AfterClass AC -->
  <testcase classname="Campaign.CreateCampiagn" name="createCampiagn" time="0.0">
    <skipped/>
  </testcase> <!-- createCampiagn -->
</testsuite> <!-- Testrunner2 -->
